time="2020-05-26T22:37:06-07:00" level=info msg="args: [SockerMQTTWatcher start --name gateway2]"
{"level":"info","msg":"gateway2","time":"2020-05-26T22:37:06-07:00"}
sys/gateway2/{CN}/msg
sys/gateway2/{CN}/online
sys/gateway2/ctnls
sys/gateway2/order
sys/gateway2/log
sys/gateway2/imgls
sys/gateway2/err
sys/gateway2/ack
sys/gateway2/{CN}/log
{"level":"info","msg":"onconnect","time":"2020-05-26T22:37:06-07:00"}
{"level":"info","msg":"{\"target\":\"container\",\"order\":\"ls\",\"name\":\"\",\"content\":\"\"}","time":"2020-05-26T22:37:48-07:00"}
{"level":"info","msg":"\ncontainer\n\n","time":"2020-05-26T22:37:48-07:00"}
{"level":"info","msg":"{\"target\":\"image\",\"order\":\"ls\",\"name\":\"\",\"content\":\"\"}","time":"2020-05-26T22:37:48-07:00"}
{"level":"info","msg":"\nimage\n\n","time":"2020-05-26T22:37:48-07:00"}
{"level":"info","msg":"{\"target\":\"container\",\"order\":\"ls\",\"name\":\"\",\"content\":\"\"}","time":"2020-05-26T22:37:51-07:00"}
{"level":"info","msg":"\ncontainer\n\n","time":"2020-05-26T22:37:51-07:00"}
{"level":"info","msg":"{\"target\":\"image\",\"order\":\"ls\",\"name\":\"\",\"content\":\"\"}","time":"2020-05-26T22:37:51-07:00"}
{"level":"info","msg":"\nimage\n\n","time":"2020-05-26T22:37:51-07:00"}
{"level":"info","msg":"{\"target\":\"container\",\"order\":\"ls\",\"name\":\"\",\"content\":\"\"}","time":"2020-05-26T22:37:53-07:00"}
{"level":"info","msg":"\ncontainer\n\n","time":"2020-05-26T22:37:53-07:00"}
{"level":"info","msg":"{\"target\":\"image\",\"order\":\"ls\",\"name\":\"\",\"content\":\"\"}","time":"2020-05-26T22:37:53-07:00"}
{"level":"info","msg":"\nimage\n\n","time":"2020-05-26T22:37:53-07:00"}
{"level":"info","msg":"{\"target\":\"container\",\"order\":\"ls\",\"name\":\"\",\"content\":\"\"}","time":"2020-05-26T22:37:56-07:00"}
{"level":"info","msg":"\ncontainer\n\n","time":"2020-05-26T22:37:56-07:00"}
{"level":"info","msg":"{\"target\":\"image\",\"order\":\"ls\",\"name\":\"\",\"content\":\"\"}","time":"2020-05-26T22:37:56-07:00"}
{"level":"info","msg":"\nimage\n\n","time":"2020-05-26T22:37:56-07:00"}
{"level":"info","msg":"{\"target\":\"container\",\"order\":\"ls\",\"name\":\"\",\"content\":\"\"}","time":"2020-05-26T22:37:58-07:00"}
{"level":"info","msg":"\ncontainer\n\n","time":"2020-05-26T22:37:58-07:00"}
{"level":"info","msg":"{\"target\":\"image\",\"order\":\"ls\",\"name\":\"\",\"content\":\"\"}","time":"2020-05-26T22:37:58-07:00"}
{"level":"info","msg":"\nimage\n\n","time":"2020-05-26T22:37:58-07:00"}
{"level":"info","msg":"{\"target\":\"container\",\"order\":\"ls\",\"name\":\"\",\"content\":\"\"}","time":"2020-05-26T22:38:01-07:00"}
{"level":"info","msg":"\ncontainer\n\n","time":"2020-05-26T22:38:01-07:00"}
{"level":"info","msg":"{\"target\":\"image\",\"order\":\"ls\",\"name\":\"\",\"content\":\"\"}","time":"2020-05-26T22:38:01-07:00"}
{"level":"info","msg":"\nimage\n\n","time":"2020-05-26T22:38:01-07:00"}
{"level":"info","msg":"{\"target\":\"container\",\"order\":\"ls\",\"name\":\"\",\"content\":\"\"}","time":"2020-05-26T22:38:03-07:00"}
{"level":"info","msg":"\ncontainer\n\n","time":"2020-05-26T22:38:03-07:00"}
{"level":"info","msg":"{\"target\":\"image\",\"order\":\"ls\",\"name\":\"\",\"content\":\"\"}","time":"2020-05-26T22:38:03-07:00"}
{"level":"info","msg":"\nimage\n\n","time":"2020-05-26T22:38:03-07:00"}
{"level":"info","msg":"{\"target\":\"container\",\"order\":\"ls\",\"name\":\"\",\"content\":\"\"}","time":"2020-05-26T22:38:06-07:00"}
{"level":"info","msg":"\ncontainer\n\n","time":"2020-05-26T22:38:06-07:00"}
{"level":"info","msg":"{\"target\":\"image\",\"order\":\"ls\",\"name\":\"\",\"content\":\"\"}","time":"2020-05-26T22:38:06-07:00"}
{"level":"info","msg":"\nimage\n\n","time":"2020-05-26T22:38:06-07:00"}
{"level":"info","msg":"{\"target\":\"container\",\"order\":\"ls\",\"name\":\"\",\"content\":\"\"}","time":"2020-05-26T22:38:08-07:00"}
{"level":"info","msg":"\ncontainer\n\n","time":"2020-05-26T22:38:08-07:00"}
{"level":"info","msg":"{\"target\":\"image\",\"order\":\"ls\",\"name\":\"\",\"content\":\"\"}","time":"2020-05-26T22:38:08-07:00"}
{"level":"info","msg":"\nimage\n\n","time":"2020-05-26T22:38:08-07:00"}
{"level":"info","msg":"{\"target\":\"container\",\"order\":\"ls\",\"name\":\"\",\"content\":\"\"}","time":"2020-05-26T22:38:19-07:00"}
{"level":"info","msg":"\ncontainer\n\n","time":"2020-05-26T22:38:19-07:00"}
{"level":"info","msg":"{\"target\":\"image\",\"order\":\"ls\",\"name\":\"\",\"content\":\"\"}","time":"2020-05-26T22:38:19-07:00"}
{"level":"info","msg":"\nimage\n\n","time":"2020-05-26T22:38:19-07:00"}
{"level":"info","msg":"{\"target\":\"image\",\"order\":\"remove\",\"name\":\"bird\",\"content\":\"\"}","time":"2020-05-26T22:38:26-07:00"}
{"level":"info","msg":"bird\nimage\n\n","time":"2020-05-26T22:38:26-07:00"}
{"level":"info","msg":"{\"target\":\"container\",\"order\":\"run\",\"name\":\"bird123\",\"content\":\"{\\\"name\\\":\\\"bird123\\\",\\\"image\\\":\\\"ubuntu\\\",\\\"command\\\":\\\"top -b\\\",\\\"memory\\\":\\\"128m\\\",\\\"cpuset\\\":\\\"1\\\",\\\"cpushare\\\":\\\"520\\\",\\\"portmapping1\\\":\\\"1080\\\",\\\"portmapping2\\\":\\\"1080\\\"}\"}","time":"2020-05-26T22:41:35-07:00"}
{"level":"info","msg":"bird123\ncontainer\n{\"name\":\"bird123\",\"image\":\"ubuntu\",\"command\":\"top -b\",\"memory\":\"128m\",\"cpuset\":\"1\",\"cpushare\":\"520\",\"portmapping1\":\"1080\",\"portmapping2\":\"1080\"}\n","time":"2020-05-26T22:41:35-07:00"}
{"level":"info","msg":"{\"target\":\"container\",\"order\":\"ls\",\"name\":\"\",\"content\":\"\"}","time":"2020-05-26T22:42:14-07:00"}
{"level":"info","msg":"\ncontainer\n\n","time":"2020-05-26T22:42:14-07:00"}
{"level":"info","msg":"{\"target\":\"image\",\"order\":\"ls\",\"name\":\"\",\"content\":\"\"}","time":"2020-05-26T22:42:14-07:00"}
{"level":"info","msg":"\nimage\n\n","time":"2020-05-26T22:42:14-07:00"}
{"level":"info","msg":"{\"target\":\"container\",\"order\":\"stop\",\"name\":\"bib\",\"content\":\"\"}","time":"2020-05-26T22:42:16-07:00"}
{"level":"info","msg":"bib\ncontainer\n\n","time":"2020-05-26T22:42:16-07:00"}
{"level":"info","msg":"{\"target\":\"container\",\"order\":\"remove\",\"name\":\"bib\",\"content\":\"\"}","time":"2020-05-26T22:42:28-07:00"}
{"level":"info","msg":"bib\ncontainer\n\n","time":"2020-05-26T22:42:28-07:00"}
{"level":"info","msg":"{\"target\":\"container\",\"order\":\"ls\",\"name\":\"\",\"content\":\"\"}","time":"2020-05-26T22:42:37-07:00"}
{"level":"info","msg":"\ncontainer\n\n","time":"2020-05-26T22:42:37-07:00"}
{"level":"info","msg":"{\"target\":\"image\",\"order\":\"ls\",\"name\":\"\",\"content\":\"\"}","time":"2020-05-26T22:42:37-07:00"}
{"level":"info","msg":"\nimage\n\n","time":"2020-05-26T22:42:37-07:00"}
{"level":"info","msg":"{\"target\":\"container\",\"order\":\"remove\",\"name\":\"bird\",\"content\":\"\"}","time":"2020-05-26T22:55:30-07:00"}
{"level":"info","msg":"bird\ncontainer\n\n","time":"2020-05-26T22:55:30-07:00"}
{"level":"info","msg":"running","time":"2020-05-26T22:55:30-07:00"}
{"level":"error","msg":"Remove container bird error you can't remove a running container, please stop the container first!","time":"2020-05-26T22:55:30-07:00"}
{"level":"info","msg":"{\"target\":\"container\",\"order\":\"stop\",\"name\":\"bird\",\"content\":\"\"}","time":"2020-05-26T22:55:34-07:00"}
{"level":"info","msg":"bird\ncontainer\n\n","time":"2020-05-26T22:55:34-07:00"}
{"level":"info","msg":"{\"target\":\"container\",\"order\":\"remove\",\"name\":\"bird\",\"content\":\"\"}","time":"2020-05-26T22:55:36-07:00"}
{"level":"info","msg":"bird\ncontainer\n\n","time":"2020-05-26T22:55:36-07:00"}
{"level":"info","msg":"{\"target\":\"container\",\"order\":\"ls\",\"name\":\"\",\"content\":\"\"}","time":"2020-05-26T22:55:41-07:00"}
{"level":"info","msg":"\ncontainer\n\n","time":"2020-05-26T22:55:41-07:00"}
{"level":"info","msg":"{\"target\":\"image\",\"order\":\"ls\",\"name\":\"\",\"content\":\"\"}","time":"2020-05-26T22:55:41-07:00"}
{"level":"info","msg":"\nimage\n\n","time":"2020-05-26T22:55:41-07:00"}
{"level":"info","msg":"{\"target\":\"container\",\"order\":\"ls\",\"name\":\"\",\"content\":\"\"}","time":"2020-05-26T22:55:47-07:00"}
{"level":"info","msg":"\ncontainer\n\n","time":"2020-05-26T22:55:47-07:00"}
{"level":"info","msg":"{\"target\":\"image\",\"order\":\"ls\",\"name\":\"\",\"content\":\"\"}","time":"2020-05-26T22:55:47-07:00"}
{"level":"info","msg":"\nimage\n\n","time":"2020-05-26T22:55:47-07:00"}
